# JRE version: Java(TM) SE Runtime Environment (8.0_221-b11) (build 1.8.0_221-b11)
# Java VM: Java HotSpot(TM) 64-Bit Server VM (25.221-b11 mixed mode windows-amd64 compressed oops)
Heap:
 PSYoungGen      total 18944K, used 1248K [0x00000000eb180000, 0x00000000ec680000, 0x0000000100000000)
  eden space 16384K, 7% used [0x00000000eb180000,0x00000000eb2b8230,0x00000000ec180000)
  from space 2560K, 0% used [0x00000000ec180000,0x00000000ec180000,0x00000000ec400000)
  to   space 2560K, 0% used [0x00000000ec400000,0x00000000ec400000,0x00000000ec680000)
 ParOldGen       total 44032K, used 29061K [0x00000000c1400000, 0x00000000c3f00000, 0x00000000eb180000)
  object space 44032K, 65% used [0x00000000c1400000,0x00000000c3061450,0x00000000c3f00000)
 Metaspace       used 17796K, capacity 18600K, committed 18688K, reserved 1064960K
  class space    used 2551K, capacity 2743K, committed 2816K, reserved 1048576K
GC Heap History (10 events):
Event: 7.795 GC heap before
{Heap before GC invocations=4 (full 0):
 PSYoungGen      total 18944K, used 15396K [0x00000000eb180000, 0x00000000ec680000, 0x0000000100000000)
  eden space 16384K, 78% used [0x00000000eb180000,0x00000000ebe113b0,0x00000000ec180000)
  from space 2560K, 98% used [0x00000000ec180000,0x00000000ec3f8030,0x00000000ec400000)
  to   space 2560K, 0% used [0x00000000ec400000,0x00000000ec400000,0x00000000ec680000)
 ParOldGen       total 44032K, used 13485K [0x00000000c1400000, 0x00000000c3f00000, 0x00000000eb180000)
  object space 44032K, 30% used [0x00000000c1400000,0x00000000c212b678,0x00000000c3f00000)
 Metaspace       used 16256K, capacity 16912K, committed 17152K, reserved 1064960K
  class space    used 2369K, capacity 2526K, committed 2560K, reserved 1048576K
Event: 7.805 GC heap after
Heap after GC invocations=4 (full 0):
 PSYoungGen      total 18944K, used 2528K [0x00000000eb180000, 0x00000000ec680000, 0x0000000100000000)
  eden space 16384K, 0% used [0x00000000eb180000,0x00000000eb180000,0x00000000ec180000)
  from space 2560K, 98% used [0x00000000ec400000,0x00000000ec678030,0x00000000ec680000)
  to   space 2560K, 0% used [0x00000000ec180000,0x00000000ec180000,0x00000000ec400000)
 ParOldGen       total 44032K, used 21696K [0x00000000c1400000, 0x00000000c3f00000, 0x00000000eb180000)
  object space 44032K, 49% used [0x00000000c1400000,0x00000000c2930088,0x00000000c3f00000)
 Metaspace       used 16256K, capacity 16912K, committed 17152K, reserved 1064960K
  class space    used 2369K, capacity 2526K, committed 2560K, reserved 1048576K
}
Event: 9.953 GC heap before
{Heap before GC invocations=5 (full 0):
 PSYoungGen      total 18944K, used 18912K [0x00000000eb180000, 0x00000000ec680000, 0x0000000100000000)
  eden space 16384K, 100% used [0x00000000eb180000,0x00000000ec180000,0x00000000ec180000)
  from space 2560K, 98% used [0x00000000ec400000,0x00000000ec678030,0x00000000ec680000)
  to   space 2560K, 0% used [0x00000000ec180000,0x00000000ec180000,0x00000000ec400000)
 ParOldGen       total 44032K, used 21696K [0x00000000c1400000, 0x00000000c3f00000, 0x00000000eb180000)
  object space 44032K, 49% used [0x00000000c1400000,0x00000000c2930088,0x00000000c3f00000)
 Metaspace       used 16967K, capacity 17660K, committed 17792K, reserved 1064960K
  class space    used 2465K, capacity 2649K, committed 2688K, reserved 1048576K
Event: 9.987 GC heap after
Heap after GC invocations=5 (full 0):
 PSYoungGen      total 18944K, used 2544K [0x00000000eb180000, 0x00000000ec680000, 0x0000000100000000)
  eden space 16384K, 0% used [0x00000000eb180000,0x00000000eb180000,0x00000000ec180000)
  from space 2560K, 99% used [0x00000000ec180000,0x00000000ec3fc040,0x00000000ec400000)
  to   space 2560K, 0% used [0x00000000ec400000,0x00000000ec400000,0x00000000ec680000)
 ParOldGen       total 44032K, used 27249K [0x00000000c1400000, 0x00000000c3f00000, 0x00000000eb180000)
  object space 44032K, 61% used [0x00000000c1400000,0x00000000c2e9c4c8,0x00000000c3f00000)
 Metaspace       used 16967K, capacity 17660K, committed 17792K, reserved 1064960K
  class space    used 2465K, capacity 2649K, committed 2688K, reserved 1048576K
}
Event: 10.265 GC heap before
{Heap before GC invocations=6 (full 0):
 PSYoungGen      total 18944K, used 18928K [0x00000000eb180000, 0x00000000ec680000, 0x0000000100000000)
  eden space 16384K, 100% used [0x00000000eb180000,0x00000000ec180000,0x00000000ec180000)
  from space 2560K, 99% used [0x00000000ec180000,0x00000000ec3fc040,0x00000000ec400000)
  to   space 2560K, 0% used [0x00000000ec400000,0x00000000ec400000,0x00000000ec680000)
 ParOldGen       total 44032K, used 27249K [0x00000000c1400000, 0x00000000c3f00000, 0x00000000eb180000)
  object space 44032K, 61% used [0x00000000c1400000,0x00000000c2e9c4c8,0x00000000c3f00000)
 Metaspace       used 17059K, capacity 17730K, committed 17792K, reserved 1064960K
  class space    used 2466K, capacity 2650K, committed 2688K, reserved 1048576K
Event: 10.274 GC heap after
Heap after GC invocations=6 (full 0):
 PSYoungGen      total 18944K, used 2528K [0x00000000eb180000, 0x00000000ec680000, 0x0000000100000000)
  eden space 16384K, 0% used [0x00000000eb180000,0x00000000eb180000,0x00000000ec180000)
  from space 2560K, 98% used [0x00000000ec400000,0x00000000ec678030,0x00000000ec680000)
  to   space 2560K, 0% used [0x00000000ec180000,0x00000000ec180000,0x00000000ec400000)
 ParOldGen       total 44032K, used 27625K [0x00000000c1400000, 0x00000000c3f00000, 0x00000000eb180000)
  object space 44032K, 62% used [0x00000000c1400000,0x00000000c2efa4c8,0x00000000c3f00000)
 Metaspace       used 17059K, capacity 17730K, committed 17792K, reserved 1064960K
  class space    used 2466K, capacity 2650K, committed 2688K, reserved 1048576K
}
Event: 10.995 GC heap before
{Heap before GC invocations=7 (full 0):
 PSYoungGen      total 18944K, used 18912K [0x00000000eb180000, 0x00000000ec680000, 0x0000000100000000)
  eden space 16384K, 100% used [0x00000000eb180000,0x00000000ec180000,0x00000000ec180000)
  from space 2560K, 98% used [0x00000000ec400000,0x00000000ec678030,0x00000000ec680000)
  to   space 2560K, 0% used [0x00000000ec180000,0x00000000ec180000,0x00000000ec400000)
 ParOldGen       total 44032K, used 27625K [0x00000000c1400000, 0x00000000c3f00000, 0x00000000eb180000)
  object space 44032K, 62% used [0x00000000c1400000,0x00000000c2efa4c8,0x00000000c3f00000)
 Metaspace       used 17690K, capacity 18512K, committed 18688K, reserved 1064960K
  class space    used 2549K, capacity 2739K, committed 2816K, reserved 1048576K
Event: 11.008 GC heap after
Heap after GC invocations=7 (full 0):
 PSYoungGen      total 18944K, used 2535K [0x00000000eb180000, 0x00000000ec680000, 0x0000000100000000)
  eden space 16384K, 0% used [0x00000000eb180000,0x00000000eb180000,0x00000000ec180000)
  from space 2560K, 99% used [0x00000000ec180000,0x00000000ec3f9c60,0x00000000ec400000)
  to   space 2560K, 0% used [0x00000000ec400000,0x00000000ec400000,0x00000000ec680000)
 ParOldGen       total 44032K, used 34698K [0x00000000c1400000, 0x00000000c3f00000, 0x00000000eb180000)
  object space 44032K, 78% used [0x00000000c1400000,0x00000000c35e2ae8,0x00000000c3f00000)
 Metaspace       used 17690K, capacity 18512K, committed 18688K, reserved 1064960K
  class space    used 2549K, capacity 2739K, committed 2816K, reserved 1048576K
}
Event: 11.008 GC heap before
{Heap before GC invocations=8 (full 1):
 PSYoungGen      total 18944K, used 2535K [0x00000000eb180000, 0x00000000ec680000, 0x0000000100000000)
  eden space 16384K, 0% used [0x00000000eb180000,0x00000000eb180000,0x00000000ec180000)
  from space 2560K, 99% used [0x00000000ec180000,0x00000000ec3f9c60,0x00000000ec400000)
  to   space 2560K, 0% used [0x00000000ec400000,0x00000000ec400000,0x00000000ec680000)
 ParOldGen       total 44032K, used 34698K [0x00000000c1400000, 0x00000000c3f00000, 0x00000000eb180000)
  object space 44032K, 78% used [0x00000000c1400000,0x00000000c35e2ae8,0x00000000c3f00000)
 Metaspace       used 17690K, capacity 18512K, committed 18688K, reserved 1064960K
  class space    used 2549K, capacity 2739K, committed 2816K, reserved 1048576K
Event: 11.080 GC heap after
Heap after GC invocations=8 (full 1):
 PSYoungGen      total 18944K, used 0K [0x00000000eb180000, 0x00000000ec680000, 0x0000000100000000)
  eden space 16384K, 0% used [0x00000000eb180000,0x00000000eb180000,0x00000000ec180000)
  from space 2560K, 0% used [0x00000000ec180000,0x00000000ec180000,0x00000000ec400000)
  to   space 2560K, 0% used [0x00000000ec400000,0x00000000ec400000,0x00000000ec680000)
 ParOldGen       total 44032K, used 29061K [0x00000000c1400000, 0x00000000c3f00000, 0x00000000eb180000)
  object space 44032K, 65% used [0x00000000c1400000,0x00000000c3061450,0x00000000c3f00000)
 Metaspace       used 17690K, capacity 18512K, committed 18688K, reserved 1064960K
  class space    used 2549K, capacity 2739K, committed 2816K, reserved 1048576K
}

