# JRE version: Java(TM) SE Runtime Environment (8.0_221-b11) (build 1.8.0_221-b11)
# Java VM: Java HotSpot(TM) 64-Bit Server VM (25.221-b11 mixed mode windows-amd64 compressed oops)
Heap:
 PSYoungGen      total 18944K, used 18934K [0x00000000eb180000, 0x00000000ed680000, 0x0000000100000000)
  eden space 16384K, 100% used [0x00000000eb180000,0x00000000ec180000,0x00000000ec180000)
  from space 2560K, 99% used [0x00000000ed400000,0x00000000ed67db70,0x00000000ed680000)
  to   space 2560K, 0% used [0x00000000ec180000,0x00000000ec180000,0x00000000ec400000)
 ParOldGen       total 44032K, used 27629K [0x00000000c1400000, 0x00000000c3f00000, 0x00000000eb180000)
  object space 44032K, 62% used [0x00000000c1400000,0x00000000c2efb538,0x00000000c3f00000)
 Metaspace       used 17650K, capacity 18444K, committed 18688K, reserved 1064960K
  class space    used 2546K, capacity 2733K, committed 2816K, reserved 1048576K
GC Heap History (10 events):
Event: 2.441 GC heap before
{Heap before GC invocations=2 (full 0):
 PSYoungGen      total 18944K, used 18915K [0x00000000eb180000, 0x00000000ec680000, 0x0000000100000000)
  eden space 16384K, 100% used [0x00000000eb180000,0x00000000ec180000,0x00000000ec180000)
  from space 2560K, 98% used [0x00000000ec180000,0x00000000ec3f8e28,0x00000000ec400000)
  to   space 2560K, 0% used [0x00000000ec400000,0x00000000ec400000,0x00000000ec680000)
 ParOldGen       total 44032K, used 2307K [0x00000000c1400000, 0x00000000c3f00000, 0x00000000eb180000)
  object space 44032K, 5% used [0x00000000c1400000,0x00000000c1640e38,0x00000000c3f00000)
 Metaspace       used 14455K, capacity 14932K, committed 15104K, reserved 1062912K
  class space    used 2145K, capacity 2279K, committed 2304K, reserved 1048576K
Event: 2.448 GC heap after
Heap after GC invocations=2 (full 0):
 PSYoungGen      total 18944K, used 2534K [0x00000000eb180000, 0x00000000ec680000, 0x0000000100000000)
  eden space 16384K, 0% used [0x00000000eb180000,0x00000000eb180000,0x00000000ec180000)
  from space 2560K, 99% used [0x00000000ec400000,0x00000000ec679b90,0x00000000ec680000)
  to   space 2560K, 0% used [0x00000000ec180000,0x00000000ec180000,0x00000000ec400000)
 ParOldGen       total 44032K, used 7710K [0x00000000c1400000, 0x00000000c3f00000, 0x00000000eb180000)
  object space 44032K, 17% used [0x00000000c1400000,0x00000000c1b87be8,0x00000000c3f00000)
 Metaspace       used 14455K, capacity 14932K, committed 15104K, reserved 1062912K
  class space    used 2145K, capacity 2279K, committed 2304K, reserved 1048576K
}
Event: 4.196 GC heap before
{Heap before GC invocations=3 (full 0):
 PSYoungGen      total 18944K, used 16736K [0x00000000eb180000, 0x00000000ec680000, 0x0000000100000000)
  eden space 16384K, 86% used [0x00000000eb180000,0x00000000ebf5e6f8,0x00000000ec180000)
  from space 2560K, 99% used [0x00000000ec400000,0x00000000ec679b90,0x00000000ec680000)
  to   space 2560K, 0% used [0x00000000ec180000,0x00000000ec180000,0x00000000ec400000)
 ParOldGen       total 44032K, used 7710K [0x00000000c1400000, 0x00000000c3f00000, 0x00000000eb180000)
  object space 44032K, 17% used [0x00000000c1400000,0x00000000c1b87be8,0x00000000c3f00000)
 Metaspace       used 16089K, capacity 16784K, committed 16896K, reserved 1062912K
  class space    used 2357K, capacity 2510K, committed 2560K, reserved 1048576K
Event: 4.231 GC heap after
Heap after GC invocations=3 (full 0):
 PSYoungGen      total 18944K, used 2550K [0x00000000eb180000, 0x00000000ed680000, 0x0000000100000000)
  eden space 16384K, 0% used [0x00000000eb180000,0x00000000eb180000,0x00000000ec180000)
  from space 2560K, 99% used [0x00000000ec180000,0x00000000ec3fdb70,0x00000000ec400000)
  to   space 2560K, 0% used [0x00000000ed400000,0x00000000ed400000,0x00000000ed680000)
 ParOldGen       total 44032K, used 13457K [0x00000000c1400000, 0x00000000c3f00000, 0x00000000eb180000)
  object space 44032K, 30% used [0x00000000c1400000,0x00000000c21246e8,0x00000000c3f00000)
 Metaspace       used 16089K, capacity 16784K, committed 16896K, reserved 1062912K
  class space    used 2357K, capacity 2510K, committed 2560K, reserved 1048576K
}
Event: 6.730 GC heap before
{Heap before GC invocations=4 (full 0):
 PSYoungGen      total 18944K, used 15416K [0x00000000eb180000, 0x00000000ed680000, 0x0000000100000000)
  eden space 16384K, 78% used [0x00000000eb180000,0x00000000ebe105e0,0x00000000ec180000)
  from space 2560K, 99% used [0x00000000ec180000,0x00000000ec3fdb70,0x00000000ec400000)
  to   space 2560K, 0% used [0x00000000ed400000,0x00000000ed400000,0x00000000ed680000)
 ParOldGen       total 44032K, used 13457K [0x00000000c1400000, 0x00000000c3f00000, 0x00000000eb180000)
  object space 44032K, 30% used [0x00000000c1400000,0x00000000c21246e8,0x00000000c3f00000)
 Metaspace       used 16249K, capacity 16948K, committed 17152K, reserved 1064960K
  class space    used 2364K, capacity 2516K, committed 2560K, reserved 1048576K
Event: 6.744 GC heap after
Heap after GC invocations=4 (full 0):
 PSYoungGen      total 18944K, used 2550K [0x00000000eb180000, 0x00000000ed680000, 0x0000000100000000)
  eden space 16384K, 0% used [0x00000000eb180000,0x00000000eb180000,0x00000000ec180000)
  from space 2560K, 99% used [0x00000000ed400000,0x00000000ed67db70,0x00000000ed680000)
  to   space 2560K, 0% used [0x00000000ec180000,0x00000000ec180000,0x00000000ec400000)
 ParOldGen       total 44032K, used 21700K [0x00000000c1400000, 0x00000000c3f00000, 0x00000000eb180000)
  object space 44032K, 49% used [0x00000000c1400000,0x00000000c29310f8,0x00000000c3f00000)
 Metaspace       used 16249K, capacity 16948K, committed 17152K, reserved 1064960K
  class space    used 2364K, capacity 2516K, committed 2560K, reserved 1048576K
}
Event: 8.335 GC heap before
{Heap before GC invocations=5 (full 0):
 PSYoungGen      total 18944K, used 18934K [0x00000000eb180000, 0x00000000ed680000, 0x0000000100000000)
  eden space 16384K, 100% used [0x00000000eb180000,0x00000000ec180000,0x00000000ec180000)
  from space 2560K, 99% used [0x00000000ed400000,0x00000000ed67db70,0x00000000ed680000)
  to   space 2560K, 0% used [0x00000000ec180000,0x00000000ec180000,0x00000000ec400000)
 ParOldGen       total 44032K, used 21700K [0x00000000c1400000, 0x00000000c3f00000, 0x00000000eb180000)
  object space 44032K, 49% used [0x00000000c1400000,0x00000000c29310f8,0x00000000c3f00000)
 Metaspace       used 16947K, capacity 17632K, committed 17792K, reserved 1064960K
  class space    used 2461K, capacity 2639K, committed 2688K, reserved 1048576K
Event: 8.368 GC heap after
Heap after GC invocations=5 (full 0):
 PSYoungGen      total 18944K, used 2550K [0x00000000eb180000, 0x00000000ed680000, 0x0000000100000000)
  eden space 16384K, 0% used [0x00000000eb180000,0x00000000eb180000,0x00000000ec180000)
  from space 2560K, 99% used [0x00000000ec180000,0x00000000ec3fdb70,0x00000000ec400000)
  to   space 2560K, 0% used [0x00000000ed400000,0x00000000ed400000,0x00000000ed680000)
 ParOldGen       total 44032K, used 27261K [0x00000000c1400000, 0x00000000c3f00000, 0x00000000eb180000)
  object space 44032K, 61% used [0x00000000c1400000,0x00000000c2e9f538,0x00000000c3f00000)
 Metaspace       used 16947K, capacity 17632K, committed 17792K, reserved 1064960K
  class space    used 2461K, capacity 2639K, committed 2688K, reserved 1048576K
}
Event: 8.746 GC heap before
{Heap before GC invocations=6 (full 0):
 PSYoungGen      total 18944K, used 18934K [0x00000000eb180000, 0x00000000ed680000, 0x0000000100000000)
  eden space 16384K, 100% used [0x00000000eb180000,0x00000000ec180000,0x00000000ec180000)
  from space 2560K, 99% used [0x00000000ec180000,0x00000000ec3fdb70,0x00000000ec400000)
  to   space 2560K, 0% used [0x00000000ed400000,0x00000000ed400000,0x00000000ed680000)
 ParOldGen       total 44032K, used 27261K [0x00000000c1400000, 0x00000000c3f00000, 0x00000000eb180000)
  object space 44032K, 61% used [0x00000000c1400000,0x00000000c2e9f538,0x00000000c3f00000)
 Metaspace       used 17050K, capacity 17766K, committed 18048K, reserved 1064960K
  class space    used 2461K, capacity 2640K, committed 2688K, reserved 1048576K
Event: 8.756 GC heap after
Heap after GC invocations=6 (full 0):
 PSYoungGen      total 18944K, used 2550K [0x00000000eb180000, 0x00000000ed680000, 0x0000000100000000)
  eden space 16384K, 0% used [0x00000000eb180000,0x00000000eb180000,0x00000000ec180000)
  from space 2560K, 99% used [0x00000000ed400000,0x00000000ed67db70,0x00000000ed680000)
  to   space 2560K, 0% used [0x00000000ec180000,0x00000000ec180000,0x00000000ec400000)
 ParOldGen       total 44032K, used 27629K [0x00000000c1400000, 0x00000000c3f00000, 0x00000000eb180000)
  object space 44032K, 62% used [0x00000000c1400000,0x00000000c2efb538,0x00000000c3f00000)
 Metaspace       used 17050K, capacity 17766K, committed 18048K, reserved 1064960K
  class space    used 2461K, capacity 2640K, committed 2688K, reserved 1048576K
}

