# JRE version: Java(TM) SE Runtime Environment (8.0_221-b11) (build 1.8.0_221-b11)
# Java VM: Java HotSpot(TM) 64-Bit Server VM (25.221-b11 mixed mode windows-amd64 compressed oops)
Heap:
 PSYoungGen      total 28672K, used 18400K [0x00000000eb180000, 0x00000000edb80000, 0x0000000100000000)
  eden space 15872K, 35% used [0x00000000eb180000,0x00000000eb6fa0d8,0x00000000ec100000)
  from space 12800K, 99% used [0x00000000ece00000,0x00000000eda7e2a0,0x00000000eda80000)
  to   space 13312K, 0% used [0x00000000ec100000,0x00000000ec100000,0x00000000ece00000)
 ParOldGen       total 44032K, used 30011K [0x00000000c1400000, 0x00000000c3f00000, 0x00000000eb180000)
  object space 44032K, 68% used [0x00000000c1400000,0x00000000c314ec50,0x00000000c3f00000)
 Metaspace       used 19256K, capacity 20410K, committed 20736K, reserved 1067008K
  class space    used 2747K, capacity 2984K, committed 3072K, reserved 1048576K
GC Heap History (10 events):
Event: 6.681 GC heap before
{Heap before GC invocations=4 (full 0):
 PSYoungGen      total 18944K, used 15419K [0x00000000eb180000, 0x00000000ec680000, 0x0000000100000000)
  eden space 16384K, 78% used [0x00000000eb180000,0x00000000ebe11118,0x00000000ec180000)
  from space 2560K, 99% used [0x00000000ec180000,0x00000000ec3fdb70,0x00000000ec400000)
  to   space 2560K, 0% used [0x00000000ec400000,0x00000000ec400000,0x00000000ec680000)
 ParOldGen       total 44032K, used 13383K [0x00000000c1400000, 0x00000000c3f00000, 0x00000000eb180000)
  object space 44032K, 30% used [0x00000000c1400000,0x00000000c2111e50,0x00000000c3f00000)
 Metaspace       used 16264K, capacity 16948K, committed 17152K, reserved 1064960K
  class space    used 2362K, capacity 2516K, committed 2560K, reserved 1048576K
Event: 6.696 GC heap after
Heap after GC invocations=4 (full 0):
 PSYoungGen      total 18944K, used 2534K [0x00000000eb180000, 0x00000000ec680000, 0x0000000100000000)
  eden space 16384K, 0% used [0x00000000eb180000,0x00000000eb180000,0x00000000ec180000)
  from space 2560K, 99% used [0x00000000ec400000,0x00000000ec679b80,0x00000000ec680000)
  to   space 2560K, 0% used [0x00000000ec180000,0x00000000ec180000,0x00000000ec400000)
 ParOldGen       total 44032K, used 21610K [0x00000000c1400000, 0x00000000c3f00000, 0x00000000eb180000)
  object space 44032K, 49% used [0x00000000c1400000,0x00000000c291a860,0x00000000c3f00000)
 Metaspace       used 16264K, capacity 16948K, committed 17152K, reserved 1064960K
  class space    used 2362K, capacity 2516K, committed 2560K, reserved 1048576K
}
Event: 8.385 GC heap before
{Heap before GC invocations=5 (full 0):
 PSYoungGen      total 18944K, used 18918K [0x00000000eb180000, 0x00000000ec680000, 0x0000000100000000)
  eden space 16384K, 100% used [0x00000000eb180000,0x00000000ec180000,0x00000000ec180000)
  from space 2560K, 99% used [0x00000000ec400000,0x00000000ec679b80,0x00000000ec680000)
  to   space 2560K, 0% used [0x00000000ec180000,0x00000000ec180000,0x00000000ec400000)
 ParOldGen       total 44032K, used 21610K [0x00000000c1400000, 0x00000000c3f00000, 0x00000000eb180000)
  object space 44032K, 49% used [0x00000000c1400000,0x00000000c291a860,0x00000000c3f00000)
 Metaspace       used 16972K, capacity 17660K, committed 17792K, reserved 1064960K
  class space    used 2466K, capacity 2649K, committed 2688K, reserved 1048576K
Event: 8.397 GC heap after
Heap after GC invocations=5 (full 0):
 PSYoungGen      total 18944K, used 2550K [0x00000000eb180000, 0x00000000eda80000, 0x0000000100000000)
  eden space 16384K, 0% used [0x00000000eb180000,0x00000000eb180000,0x00000000ec180000)
  from space 2560K, 99% used [0x00000000ec180000,0x00000000ec3fdb70,0x00000000ec400000)
  to   space 12800K, 0% used [0x00000000ece00000,0x00000000ece00000,0x00000000eda80000)
 ParOldGen       total 44032K, used 27179K [0x00000000c1400000, 0x00000000c3f00000, 0x00000000eb180000)
  object space 44032K, 61% used [0x00000000c1400000,0x00000000c2e8aca0,0x00000000c3f00000)
 Metaspace       used 16972K, capacity 17660K, committed 17792K, reserved 1064960K
  class space    used 2466K, capacity 2649K, committed 2688K, reserved 1048576K
}
Event: 8.769 GC heap before
{Heap before GC invocations=6 (full 0):
 PSYoungGen      total 18944K, used 18934K [0x00000000eb180000, 0x00000000eda80000, 0x0000000100000000)
  eden space 16384K, 100% used [0x00000000eb180000,0x00000000ec180000,0x00000000ec180000)
  from space 2560K, 99% used [0x00000000ec180000,0x00000000ec3fdb70,0x00000000ec400000)
  to   space 12800K, 0% used [0x00000000ece00000,0x00000000ece00000,0x00000000eda80000)
 ParOldGen       total 44032K, used 27179K [0x00000000c1400000, 0x00000000c3f00000, 0x00000000eb180000)
  object space 44032K, 61% used [0x00000000c1400000,0x00000000c2e8aca0,0x00000000c3f00000)
 Metaspace       used 17068K, capacity 17794K, committed 18048K, reserved 1064960K
  class space    used 2467K, capacity 2650K, committed 2688K, reserved 1048576K
Event: 8.778 GC heap after
Heap after GC invocations=6 (full 0):
 PSYoungGen      total 28672K, used 2934K [0x00000000eb180000, 0x00000000edb80000, 0x0000000100000000)
  eden space 15872K, 0% used [0x00000000eb180000,0x00000000eb180000,0x00000000ec100000)
  from space 12800K, 22% used [0x00000000ece00000,0x00000000ed0ddb70,0x00000000eda80000)
  to   space 13312K, 0% used [0x00000000ec100000,0x00000000ec100000,0x00000000ece00000)
 ParOldGen       total 44032K, used 27179K [0x00000000c1400000, 0x00000000c3f00000, 0x00000000eb180000)
  object space 44032K, 61% used [0x00000000c1400000,0x00000000c2e8aca0,0x00000000c3f00000)
 Metaspace       used 17068K, capacity 17794K, committed 18048K, reserved 1064960K
  class space    used 2467K, capacity 2650K, committed 2688K, reserved 1048576K
}
Event: 9.323 GC heap before
{Heap before GC invocations=7 (full 0):
 PSYoungGen      total 28672K, used 18806K [0x00000000eb180000, 0x00000000edb80000, 0x0000000100000000)
  eden space 15872K, 100% used [0x00000000eb180000,0x00000000ec100000,0x00000000ec100000)
  from space 12800K, 22% used [0x00000000ece00000,0x00000000ed0ddb70,0x00000000eda80000)
  to   space 13312K, 0% used [0x00000000ec100000,0x00000000ec100000,0x00000000ece00000)
 ParOldGen       total 44032K, used 27179K [0x00000000c1400000, 0x00000000c3f00000, 0x00000000eb180000)
  object space 44032K, 61% used [0x00000000c1400000,0x00000000c2e8aca0,0x00000000c3f00000)
 Metaspace       used 17584K, capacity 18374K, committed 18688K, reserved 1064960K
  class space    used 2529K, capacity 2700K, committed 2816K, reserved 1048576K
Event: 9.354 GC heap after
Heap after GC invocations=7 (full 0):
 PSYoungGen      total 29184K, used 8720K [0x00000000eb180000, 0x00000000edb80000, 0x0000000100000000)
  eden space 15872K, 0% used [0x00000000eb180000,0x00000000eb180000,0x00000000ec100000)
  from space 13312K, 65% used [0x00000000ec100000,0x00000000ec984250,0x00000000ece00000)
  to   space 12800K, 0% used [0x00000000ece00000,0x00000000ece00000,0x00000000eda80000)
 ParOldGen       total 44032K, used 28372K [0x00000000c1400000, 0x00000000c3f00000, 0x00000000eb180000)
  object space 44032K, 64% used [0x00000000c1400000,0x00000000c2fb5020,0x00000000c3f00000)
 Metaspace       used 17584K, capacity 18374K, committed 18688K, reserved 1064960K
  class space    used 2529K, capacity 2700K, committed 2816K, reserved 1048576K
}
Event: 12.812 GC heap before
{Heap before GC invocations=8 (full 0):
 PSYoungGen      total 29184K, used 24592K [0x00000000eb180000, 0x00000000edb80000, 0x0000000100000000)
  eden space 15872K, 100% used [0x00000000eb180000,0x00000000ec100000,0x00000000ec100000)
  from space 13312K, 65% used [0x00000000ec100000,0x00000000ec984250,0x00000000ece00000)
  to   space 12800K, 0% used [0x00000000ece00000,0x00000000ece00000,0x00000000eda80000)
 ParOldGen       total 44032K, used 28372K [0x00000000c1400000, 0x00000000c3f00000, 0x00000000eb180000)
  object space 44032K, 64% used [0x00000000c1400000,0x00000000c2fb5020,0x00000000c3f00000)
 Metaspace       used 19105K, capacity 20234K, committed 20352K, reserved 1067008K
  class space    used 2727K, capacity 2938K, committed 2944K, reserved 1048576K
Event: 12.823 GC heap after
Heap after GC invocations=8 (full 0):
 PSYoungGen      total 28672K, used 12792K [0x00000000eb180000, 0x00000000edb80000, 0x0000000100000000)
  eden space 15872K, 0% used [0x00000000eb180000,0x00000000eb180000,0x00000000ec100000)
  from space 12800K, 99% used [0x00000000ece00000,0x00000000eda7e2a0,0x00000000eda80000)
  to   space 13312K, 0% used [0x00000000ec100000,0x00000000ec100000,0x00000000ece00000)
 ParOldGen       total 44032K, used 30011K [0x00000000c1400000, 0x00000000c3f00000, 0x00000000eb180000)
  object space 44032K, 68% used [0x00000000c1400000,0x00000000c314ec50,0x00000000c3f00000)
 Metaspace       used 19105K, capacity 20234K, committed 20352K, reserved 1067008K
  class space    used 2727K, capacity 2938K, committed 2944K, reserved 1048576K
}

