# JRE version: Java(TM) SE Runtime Environment (8.0_221-b11) (build 1.8.0_221-b11)
# Java VM: Java HotSpot(TM) 64-Bit Server VM (25.221-b11 mixed mode windows-amd64 compressed oops)
Heap:
 PSYoungGen      total 27648K, used 15985K [0x00000000eb180000, 0x00000000ed980000, 0x0000000100000000)
  eden space 15872K, 82% used [0x00000000eb180000,0x00000000ebe3e9a8,0x00000000ec100000)
  from space 11776K, 24% used [0x00000000ecd00000,0x00000000ecfddb70,0x00000000ed880000)
  to   space 12288K, 0% used [0x00000000ec100000,0x00000000ec100000,0x00000000ecd00000)
 ParOldGen       total 44032K, used 27283K [0x00000000c1400000, 0x00000000c3f00000, 0x00000000eb180000)
  object space 44032K, 61% used [0x00000000c1400000,0x00000000c2ea4d48,0x00000000c3f00000)
 Metaspace       used 17490K, capacity 18288K, committed 18432K, reserved 1064960K
  class space    used 2525K, capacity 2691K, committed 2816K, reserved 1048576K
GC Heap History (10 events):
Event: 2.197 GC heap before
{Heap before GC invocations=2 (full 0):
 PSYoungGen      total 18944K, used 18931K [0x00000000eb180000, 0x00000000ec680000, 0x0000000100000000)
  eden space 16384K, 100% used [0x00000000eb180000,0x00000000ec180000,0x00000000ec180000)
  from space 2560K, 99% used [0x00000000ec180000,0x00000000ec3fce38,0x00000000ec400000)
  to   space 2560K, 0% used [0x00000000ec400000,0x00000000ec400000,0x00000000ec680000)
 ParOldGen       total 44032K, used 2315K [0x00000000c1400000, 0x00000000c3f00000, 0x00000000eb180000)
  object space 44032K, 5% used [0x00000000c1400000,0x00000000c1642e38,0x00000000c3f00000)
 Metaspace       used 14460K, capacity 14932K, committed 15104K, reserved 1062912K
  class space    used 2147K, capacity 2279K, committed 2304K, reserved 1048576K
Event: 2.204 GC heap after
Heap after GC invocations=2 (full 0):
 PSYoungGen      total 18944K, used 2534K [0x00000000eb180000, 0x00000000ec680000, 0x0000000100000000)
  eden space 16384K, 0% used [0x00000000eb180000,0x00000000eb180000,0x00000000ec180000)
  from space 2560K, 99% used [0x00000000ec400000,0x00000000ec679b70,0x00000000ec680000)
  to   space 2560K, 0% used [0x00000000ec180000,0x00000000ec180000,0x00000000ec400000)
 ParOldGen       total 44032K, used 7710K [0x00000000c1400000, 0x00000000c3f00000, 0x00000000eb180000)
  object space 44032K, 17% used [0x00000000c1400000,0x00000000c1b87be8,0x00000000c3f00000)
 Metaspace       used 14460K, capacity 14932K, committed 15104K, reserved 1062912K
  class space    used 2147K, capacity 2279K, committed 2304K, reserved 1048576K
}
Event: 4.191 GC heap before
{Heap before GC invocations=3 (full 0):
 PSYoungGen      total 18944K, used 16737K [0x00000000eb180000, 0x00000000ec680000, 0x0000000100000000)
  eden space 16384K, 86% used [0x00000000eb180000,0x00000000ebf5ec10,0x00000000ec180000)
  from space 2560K, 99% used [0x00000000ec400000,0x00000000ec679b70,0x00000000ec680000)
  to   space 2560K, 0% used [0x00000000ec180000,0x00000000ec180000,0x00000000ec400000)
 ParOldGen       total 44032K, used 7710K [0x00000000c1400000, 0x00000000c3f00000, 0x00000000eb180000)
  object space 44032K, 17% used [0x00000000c1400000,0x00000000c1b87be8,0x00000000c3f00000)
 Metaspace       used 16112K, capacity 16790K, committed 16896K, reserved 1062912K
  class space    used 2360K, capacity 2511K, committed 2560K, reserved 1048576K
Event: 4.208 GC heap after
Heap after GC invocations=3 (full 0):
 PSYoungGen      total 18944K, used 2534K [0x00000000eb180000, 0x00000000ec680000, 0x0000000100000000)
  eden space 16384K, 0% used [0x00000000eb180000,0x00000000eb180000,0x00000000ec180000)
  from space 2560K, 99% used [0x00000000ec180000,0x00000000ec3f9b80,0x00000000ec400000)
  to   space 2560K, 0% used [0x00000000ec400000,0x00000000ec400000,0x00000000ec680000)
 ParOldGen       total 44032K, used 13469K [0x00000000c1400000, 0x00000000c3f00000, 0x00000000eb180000)
  object space 44032K, 30% used [0x00000000c1400000,0x00000000c21276f8,0x00000000c3f00000)
 Metaspace       used 16112K, capacity 16790K, committed 16896K, reserved 1062912K
  class space    used 2360K, capacity 2511K, committed 2560K, reserved 1048576K
}
Event: 5.680 GC heap before
{Heap before GC invocations=4 (full 0):
 PSYoungGen      total 18944K, used 15439K [0x00000000eb180000, 0x00000000ec680000, 0x0000000100000000)
  eden space 16384K, 78% used [0x00000000eb180000,0x00000000ebe1a0b8,0x00000000ec180000)
  from space 2560K, 99% used [0x00000000ec180000,0x00000000ec3f9b80,0x00000000ec400000)
  to   space 2560K, 0% used [0x00000000ec400000,0x00000000ec400000,0x00000000ec680000)
 ParOldGen       total 44032K, used 13469K [0x00000000c1400000, 0x00000000c3f00000, 0x00000000eb180000)
  object space 44032K, 30% used [0x00000000c1400000,0x00000000c21276f8,0x00000000c3f00000)
 Metaspace       used 16255K, capacity 16890K, committed 17152K, reserved 1064960K
  class space    used 2367K, capacity 2517K, committed 2560K, reserved 1048576K
Event: 5.689 GC heap after
Heap after GC invocations=4 (full 0):
 PSYoungGen      total 18944K, used 2550K [0x00000000eb180000, 0x00000000ec680000, 0x0000000100000000)
  eden space 16384K, 0% used [0x00000000eb180000,0x00000000eb180000,0x00000000ec180000)
  from space 2560K, 99% used [0x00000000ec400000,0x00000000ec67db70,0x00000000ec680000)
  to   space 2560K, 0% used [0x00000000ec180000,0x00000000ec180000,0x00000000ec400000)
 ParOldGen       total 44032K, used 21688K [0x00000000c1400000, 0x00000000c3f00000, 0x00000000eb180000)
  object space 44032K, 49% used [0x00000000c1400000,0x00000000c292e108,0x00000000c3f00000)
 Metaspace       used 16255K, capacity 16890K, committed 17152K, reserved 1064960K
  class space    used 2367K, capacity 2517K, committed 2560K, reserved 1048576K
}
Event: 7.537 GC heap before
{Heap before GC invocations=5 (full 0):
 PSYoungGen      total 18944K, used 18934K [0x00000000eb180000, 0x00000000ec680000, 0x0000000100000000)
  eden space 16384K, 100% used [0x00000000eb180000,0x00000000ec180000,0x00000000ec180000)
  from space 2560K, 99% used [0x00000000ec400000,0x00000000ec67db70,0x00000000ec680000)
  to   space 2560K, 0% used [0x00000000ec180000,0x00000000ec180000,0x00000000ec400000)
 ParOldGen       total 44032K, used 21688K [0x00000000c1400000, 0x00000000c3f00000, 0x00000000eb180000)
  object space 44032K, 49% used [0x00000000c1400000,0x00000000c292e108,0x00000000c3f00000)
 Metaspace       used 16956K, capacity 17638K, committed 17792K, reserved 1064960K
  class space    used 2463K, capacity 2640K, committed 2688K, reserved 1048576K
Event: 7.545 GC heap after
Heap after GC invocations=5 (full 0):
 PSYoungGen      total 18944K, used 2550K [0x00000000eb180000, 0x00000000ed880000, 0x0000000100000000)
  eden space 16384K, 0% used [0x00000000eb180000,0x00000000eb180000,0x00000000ec180000)
  from space 2560K, 99% used [0x00000000ec180000,0x00000000ec3fdb70,0x00000000ec400000)
  to   space 11776K, 0% used [0x00000000ecd00000,0x00000000ecd00000,0x00000000ed880000)
 ParOldGen       total 44032K, used 27275K [0x00000000c1400000, 0x00000000c3f00000, 0x00000000eb180000)
  object space 44032K, 61% used [0x00000000c1400000,0x00000000c2ea2d48,0x00000000c3f00000)
 Metaspace       used 16956K, capacity 17638K, committed 17792K, reserved 1064960K
  class space    used 2463K, capacity 2640K, committed 2688K, reserved 1048576K
}
Event: 7.886 GC heap before
{Heap before GC invocations=6 (full 0):
 PSYoungGen      total 18944K, used 18934K [0x00000000eb180000, 0x00000000ed880000, 0x0000000100000000)
  eden space 16384K, 100% used [0x00000000eb180000,0x00000000ec180000,0x00000000ec180000)
  from space 2560K, 99% used [0x00000000ec180000,0x00000000ec3fdb70,0x00000000ec400000)
  to   space 11776K, 0% used [0x00000000ecd00000,0x00000000ecd00000,0x00000000ed880000)
 ParOldGen       total 44032K, used 27275K [0x00000000c1400000, 0x00000000c3f00000, 0x00000000eb180000)
  object space 44032K, 61% used [0x00000000c1400000,0x00000000c2ea2d48,0x00000000c3f00000)
 Metaspace       used 17051K, capacity 17708K, committed 17792K, reserved 1064960K
  class space    used 2464K, capacity 2641K, committed 2688K, reserved 1048576K
Event: 7.895 GC heap after
Heap after GC invocations=6 (full 0):
 PSYoungGen      total 27648K, used 2934K [0x00000000eb180000, 0x00000000ed980000, 0x0000000100000000)
  eden space 15872K, 0% used [0x00000000eb180000,0x00000000eb180000,0x00000000ec100000)
  from space 11776K, 24% used [0x00000000ecd00000,0x00000000ecfddb70,0x00000000ed880000)
  to   space 12288K, 0% used [0x00000000ec100000,0x00000000ec100000,0x00000000ecd00000)
 ParOldGen       total 44032K, used 27283K [0x00000000c1400000, 0x00000000c3f00000, 0x00000000eb180000)
  object space 44032K, 61% used [0x00000000c1400000,0x00000000c2ea4d48,0x00000000c3f00000)
 Metaspace       used 17051K, capacity 17708K, committed 17792K, reserved 1064960K
  class space    used 2464K, capacity 2641K, committed 2688K, reserved 1048576K
}

